gd-1009705626509
gd-1009703260143
go-TLVvh25TkzfnHWFtAAAAAA==
go-_5lGt5Cbve_yBWoVAAAAAA==
go-KfK1XkI1tAq0a3mYAAAAAA==
go-IB9tTOxlvtrT3sCxAAAAAA==
go-C8-g5Vnw6LKdlJNsAAAAAA==
go-o6UrUfsY_ZcJOva6AAAAAA==
go-dz7AiJm9b9w31NoOAAAAAA==
go-VaOT8N9mOpoooU6AAAAAAA==
go-FI3ZdxKre75EC3glAAAAAA==
go-VMP5x-7yF_r0gpDjAAAAAA==
go-owAuz8WgsDRZhQElAAAAAA==
go-f4nypGq3pW5uBG4TAAAAAA==
go-jPkUpvWvwDhr8FOtAAAAAA==
in-83c64443d7ff24a2
in-e5730ee479f0b27a
in-8fa7e27d1b1f75ae
in-9a8cec2924b21e7c
in-2dfc4cf17b07c8a3
in-09283fbb7f85bb67
in-9e110b4296508848
in-dc09c0a246f1611f
in-7fcbc5a87830d44a
in-d26b4d358485bfac
in-b72a9d7de2365efc
in-4d81a27c7a593cb2
in-613fab96c599fd52
in-66219debc8a200e9
in-160979e2bc356aa6
in-377ab1bf49525767
in-75700790640c497b
in-5632ca7aec467379
in-bbca7f5487619955
in-07b73a8436a81f70
in-319fe3307c0d6ac1
in-dbd333671887664b
in-94b44ae3da76de0e
in-1068c529523ef186
in-4928ad42311d24b5
in-e6d5a5859646e8b5
in-29ad75574fdf4d96
in-38afc1e697434df2
in-dfb0bafe66f0f11d
in-057cf88e06a7ec30
in-92f9f316a7a2d752
in-5f0f3b46f3790046
in-a6550d5654f4e645
in-9a203c051b27e14b
in-7cbbd8112dccd7d7
in-e5ca29f396354cde
in-d5374e54f65668b5
in-e6c1dc46426f2faf
in-5401e20120a4af45
go-xosfT1gbhwQ9agKxAAAAAA==

in-108eec766e721623
